Release 14.7 - ngc2edif P.20131013 (nt64)
Copyright (c) 1995-2013 Xilinx, Inc.  All rights reserved.
Reading design Top.ngc ...
WARNING:NetListWriters:298 - No output is written to Top.xncf, ignored.
Processing design ...
   Preping design's networks ...
   Preping design's macros ...
WARNING:NetListWriters:306 - Signal bus DP/multi8_8/A5<3 : 0> on block Top is
   not reconstructed, because there are some missing bus signals.
  finished :Prep
Writing EDIF netlist file Top.edif ...
ngc2edif: Total memory usage is 4326308 kilobytes

Release 14.7 - ngc2edif P.20131013 (nt64)
Copyright (c) 1995-2013 Xilinx, Inc.  All rights reserved.
Reading design Top.ngc ...
WARNING:NetListWriters:298 - No output is written to Top.xncf, ignored.
Processing design ...
   Preping design's networks ...
   Preping design's macros ...
WARNING:NetListWriters:306 - Signal bus DP/multi8_8/A5<3 : 0> on block Top is
   not reconstructed, because there are some missing bus signals.
  finished :Prep
Writing EDIF netlist file Top.edif ...
ngc2edif: Total memory usage is 4325736 kilobytes

Release 14.7 - ngc2edif P.20131013 (nt64)
Copyright (c) 1995-2013 Xilinx, Inc.  All rights reserved.
Reading design Top.ngc ...
WARNING:NetListWriters:298 - No output is written to Top.xncf, ignored.
Processing design ...
   Preping design's networks ...
   Preping design's macros ...
WARNING:NetListWriters:306 - Signal bus DP/multi8_8/A5<3 : 0> on block Top is
   not reconstructed, because there are some missing bus signals.
  finished :Prep
Writing EDIF netlist file Top.edif ...
ngc2edif: Total memory usage is 4325736 kilobytes

