Release 14.7 - xst P.20131013 (nt64)
Copyright (c) 1995-2013 Xilinx, Inc.  All rights reserved.
--> Parameter TMPDIR set to xst/projnav.tmp


Total REAL time to Xst completion: 0.00 secs
Total CPU time to Xst completion: 0.12 secs
 
--> Parameter xsthdpdir set to xst


Total REAL time to Xst completion: 0.00 secs
Total CPU time to Xst completion: 0.12 secs
 
--> Reading design: Top.prj

TABLE OF CONTENTS
  1) Synthesis Options Summary
  2) HDL Parsing
  3) HDL Elaboration
  4) HDL Synthesis
       4.1) HDL Synthesis Report
  5) Advanced HDL Synthesis
       5.1) Advanced HDL Synthesis Report
  6) Low Level Synthesis
  7) Partition Report
  8) Design Summary
       8.1) Primitive and Black Box Usage
       8.2) Device utilization summary
       8.3) Partition Resource Summary
       8.4) Timing Report
            8.4.1) Clock Information
            8.4.2) Asynchronous Control Signals Information
            8.4.3) Timing Summary
            8.4.4) Timing Details
            8.4.5) Cross Clock Domains Report


=========================================================================
*                      Synthesis Options Summary                        *
=========================================================================
---- Source Parameters
Input File Name                    : "Top.prj"
Ignore Synthesis Constraint File   : NO

---- Target Parameters
Output File Name                   : "Top"
Output Format                      : NGC
Target Device                      : xc6vlx240t-1-ff1156

---- Source Options
Top Module Name                    : Top
Automatic FSM Extraction           : YES
FSM Encoding Algorithm             : Auto
Safe Implementation                : No
FSM Style                          : LUT
RAM Extraction                     : Yes
RAM Style                          : Auto
ROM Extraction                     : Yes
Shift Register Extraction          : YES
ROM Style                          : Auto
Resource Sharing                   : YES
Asynchronous To Synchronous        : NO
Shift Register Minimum Size        : 2
Use DSP Block                      : Auto
Automatic Register Balancing       : No

---- Target Options
LUT Combining                      : Auto
Reduce Control Sets                : Auto
Add IO Buffers                     : YES
Global Maximum Fanout              : 100000
Add Generic Clock Buffer(BUFG)     : 32
Register Duplication               : YES
Optimize Instantiated Primitives   : NO
Use Clock Enable                   : Auto
Use Synchronous Set                : Auto
Use Synchronous Reset              : Auto
Pack IO Registers into IOBs        : Auto
Equivalent register Removal        : YES

---- General Options
Optimization Goal                  : Speed
Optimization Effort                : 1
Power Reduction                    : NO
Keep Hierarchy                     : No
Netlist Hierarchy                  : As_Optimized
RTL Output                         : Yes
Global Optimization                : AllClockNets
Read Cores                         : YES
Write Timing Constraints           : NO
Cross Clock Analysis               : NO
Hierarchy Separator                : /
Bus Delimiter                      : <>
Case Specifier                     : Maintain
Slice Utilization Ratio            : 100
BRAM Utilization Ratio             : 100
DSP48 Utilization Ratio            : 100
Auto BRAM Packing                  : NO
Slice Utilization Ratio Delta      : 5

=========================================================================


=========================================================================
*                          HDL Parsing                                  *
=========================================================================
Analyzing Verilog file "C:\Users\ASUS\Desktop\CAD\Self_Multiplier\Two_multiplier.v" into library work
Parsing module <Two_Multiplier>.
Analyzing Verilog file "C:\Users\ASUS\Desktop\CAD\Self_Multiplier\Register.v" into library work
Parsing module <Register>.
Analyzing Verilog file "C:\Users\ASUS\Desktop\CAD\Self_Multiplier\Multiplier.v" into library work
Parsing module <Multiplier>.
Analyzing Verilog file "C:\Users\ASUS\Desktop\CAD\Self_Multiplier\Counter.v" into library work
Parsing module <counter>.
Analyzing Verilog file "C:\Users\ASUS\Desktop\CAD\Self_Multiplier\Adder.v" into library work
Parsing module <adder>.
Analyzing Verilog file "C:\Users\ASUS\Desktop\CAD\Self_Multiplier\Activation_func.v" into library work
Parsing module <Activation_func>.
Analyzing Verilog file "C:\Users\ASUS\Desktop\CAD\Self_Multiplier\Datapath.v" into library work
Parsing module <Datapath>.
Analyzing Verilog file "C:\Users\ASUS\Desktop\CAD\Self_Multiplier\Controller.v" into library work
Parsing module <Controller>.
Analyzing Verilog file "C:\Users\ASUS\Desktop\CAD\Self_Multiplier\Top.v" into library work
Parsing module <Top>.

=========================================================================
*                            HDL Elaboration                            *
=========================================================================

Elaborating module <Top>.

Elaborating module <Datapath(N=2)>.

Elaborating module <Register>.

Elaborating module <Multiplier>.

Elaborating module <Two_Multiplier>.

Elaborating module <adder(WORD_LENGTH=32'sb010001)>.

Elaborating module <Register(WORD_LENGTH=32'sb010001)>.

Elaborating module <Activation_func(WORD_LENGTH=32'sb010001)>.

Elaborating module <counter(N=2)>.

Elaborating module <Controller>.

=========================================================================
*                           HDL Synthesis                               *
=========================================================================

Synthesizing Unit <Top>.
    Related source file is "C:\Users\ASUS\Desktop\CAD\Self_Multiplier\Top.v".
        N = 2
    Summary:
	no macro.
Unit <Top> synthesized.

Synthesizing Unit <Datapath>.
    Related source file is "C:\Users\ASUS\Desktop\CAD\Self_Multiplier\Datapath.v".
        N = 2
    Summary:
	no macro.
Unit <Datapath> synthesized.

Synthesizing Unit <Register>.
    Related source file is "C:\Users\ASUS\Desktop\CAD\Self_Multiplier\Register.v".
        WORD_LENGTH = 8
    Found 8-bit register for signal <out>.
    Summary:
	inferred   8 D-type flip-flop(s).
Unit <Register> synthesized.

Synthesizing Unit <Multiplier>.
    Related source file is "C:\Users\ASUS\Desktop\CAD\Self_Multiplier\Multiplier.v".
    Found 4-bit adder for signal <A2> created at line 82.
    Found 4-bit adder for signal <n0093> created at line 83.
    Found 4-bit adder for signal <A3> created at line 83.
    Found 4-bit adder for signal <n0099> created at line 84.
    Found 4-bit adder for signal <n0102> created at line 84.
    Found 4-bit adder for signal <A4> created at line 84.
    Found 4-bit adder for signal <n0108> created at line 85.
    Found 4-bit adder for signal <A5> created at line 85.
    Found 4-bit adder for signal <A6> created at line 86.
    Found 7-bit adder for signal <n0116[6:0]> created at line 89.
    Found 9-bit adder for signal <n0119[8:0]> created at line 89.
    Found 11-bit adder for signal <n0122[10:0]> created at line 89.
    Found 13-bit adder for signal <n0125[12:0]> created at line 89.
    Found 15-bit adder for signal <n0128[14:0]> created at line 89.
    Found 16-bit adder for signal <middle_res> created at line 89.
    Summary:
	inferred  15 Adder/Subtractor(s).
Unit <Multiplier> synthesized.

Synthesizing Unit <Two_Multiplier>.
    Related source file is "C:\Users\ASUS\Desktop\CAD\Self_Multiplier\Two_multiplier.v".
    Summary:
Unit <Two_Multiplier> synthesized.

Synthesizing Unit <adder>.
    Related source file is "C:\Users\ASUS\Desktop\CAD\Self_Multiplier\Adder.v".
        WORD_LENGTH = 17
    Found 16-bit subtractor for signal <GND_6_o_B[15]_sub_4_OUT> created at line 41.
    Found 16-bit subtractor for signal <B[15]_GND_6_o_sub_5_OUT> created at line 45.
    Found 16-bit adder for signal <GND_6_o_B[15]_add_1_OUT> created at line 36.
    Found 1-bit comparator equal for signal <A[15]_B[16]_equal_1_o> created at line 35
    Found 16-bit comparator greater for signal <B[15]_GND_6_o_LessThan_3_o> created at line 40
    Summary:
	inferred   3 Adder/Subtractor(s).
	inferred   2 Comparator(s).
	inferred   2 Multiplexer(s).
Unit <adder> synthesized.

Synthesizing Unit <Register_1>.
    Related source file is "C:\Users\ASUS\Desktop\CAD\Self_Multiplier\Register.v".
        WORD_LENGTH = 17
    Found 17-bit register for signal <out>.
    Summary:
	inferred  17 D-type flip-flop(s).
Unit <Register_1> synthesized.

Synthesizing Unit <Activation_func>.
    Related source file is "C:\Users\ASUS\Desktop\CAD\Self_Multiplier\Activation_func.v".
        WORD_LENGTH = 17
    Found 17-bit register for signal <out>.
    Summary:
	inferred  17 D-type flip-flop(s).
Unit <Activation_func> synthesized.

Synthesizing Unit <counter>.
    Related source file is "C:\Users\ASUS\Desktop\CAD\Self_Multiplier\Counter.v".
        N = 2
    Found 2-bit register for signal <count>.
    Found 2-bit adder for signal <count[1]_GND_9_o_add_0_OUT> created at line 40.
    Summary:
	inferred   1 Adder/Subtractor(s).
	inferred   2 D-type flip-flop(s).
Unit <counter> synthesized.

Synthesizing Unit <Controller>.
    Related source file is "C:\Users\ASUS\Desktop\CAD\Self_Multiplier\Controller.v".
        S0 = 2'b00
        S1 = 2'b01
        S2 = 2'b10
        S3 = 2'b11
    Found 2-bit register for signal <state>.
    Found finite state machine <FSM_0> for signal <state>.
    -----------------------------------------------------------------------
    | States             | 4                                              |
    | Transitions        | 6                                              |
    | Inputs             | 2                                              |
    | Outputs            | 3                                              |
    | Clock              | clk (rising_edge)                              |
    | Reset              | rst (positive)                                 |
    | Reset type         | asynchronous                                   |
    | Reset State        | 00                                             |
    | Encoding           | auto                                           |
    | Implementation     | LUT                                            |
    -----------------------------------------------------------------------
    Summary:
	inferred   1 Finite State Machine(s).
Unit <Controller> synthesized.

=========================================================================
HDL Synthesis Report

Macro Statistics
# Adders/Subtractors                                   : 19
 11-bit adder                                          : 1
 13-bit adder                                          : 1
 15-bit adder                                          : 1
 16-bit adder                                          : 2
 16-bit subtractor                                     : 2
 2-bit adder                                           : 1
 4-bit adder                                           : 9
 7-bit adder                                           : 1
 9-bit adder                                           : 1
# Registers                                            : 5
 17-bit register                                       : 2
 2-bit register                                        : 1
 8-bit register                                        : 2
# Comparators                                          : 2
 1-bit comparator equal                                : 1
 16-bit comparator greater                             : 1
# Multiplexers                                         : 2
 17-bit 2-to-1 multiplexer                             : 2
# FSMs                                                 : 1
# Xors                                                 : 33
 1-bit xor2                                            : 33

=========================================================================

=========================================================================
*                       Advanced HDL Synthesis                          *
=========================================================================


Synthesizing (advanced) Unit <Multiplier>.
	The following adders/subtractors are grouped into adder tree <Madd_middle_res_Madd1> :
 	<Madd_n0116[6:0]> in block <Multiplier>, 	<Madd_n0119[8:0]> in block <Multiplier>, 	<Madd_n0122[10:0]> in block <Multiplier>, 	<Madd_n0125[12:0]> in block <Multiplier>, 	<Madd_n0128[14:0]> in block <Multiplier>, 	<Madd_middle_res_Madd> in block <Multiplier>.
	The following adders/subtractors are grouped into adder tree <Madd_A41> :
 	<Madd_n0099> in block <Multiplier>, 	<Madd_n0102> in block <Multiplier>, 	<Madd_A4> in block <Multiplier>.
Unit <Multiplier> synthesized (advanced).

Synthesizing (advanced) Unit <counter>.
The following registers are absorbed into counter <count>: 1 register on signal <count>.
Unit <counter> synthesized (advanced).

=========================================================================
Advanced HDL Synthesis Report

Macro Statistics
# Adders/Subtractors                                   : 9
 16-bit adder                                          : 1
 16-bit subtractor                                     : 2
 4-bit adder                                           : 6
# Adder Trees                                          : 2
 15-bit / 7-inputs adder tree                          : 1
 4-bit / 4-inputs adder tree                           : 1
# Counters                                             : 1
 2-bit up counter                                      : 1
# Registers                                            : 50
 Flip-Flops                                            : 50
# Comparators                                          : 2
 1-bit comparator equal                                : 1
 16-bit comparator greater                             : 1
# Multiplexers                                         : 2
 17-bit 2-to-1 multiplexer                             : 2
# FSMs                                                 : 1
# Xors                                                 : 33
 1-bit xor2                                            : 33

=========================================================================

=========================================================================
*                         Low Level Synthesis                           *
=========================================================================
Analyzing FSM <MFsm> for best encoding.
Optimizing FSM <FSM_0> on signal <state[1:4]> with one-hot encoding.
-------------------
 State | Encoding
-------------------
 00    | 0001
 01    | 0010
 10    | 0100
 11    | 1000
-------------------

Optimizing unit <Register> ...

Optimizing unit <Register_1> ...

Optimizing unit <Top> ...

Optimizing unit <Activation_func> ...

Optimizing unit <Multiplier> ...

Mapping all equations...
Building and optimizing final netlist ...
Found area constraint ratio of 100 (+ 5) on block Top, actual ratio is 0.
FlipFlop DP/vectorWeight/out_4 has been replicated 1 time(s)
INFO:Xst:1843 - HDL ADVISOR - FlipFlop DP/vectorWeight/out_4 connected to a primary input has been replicated

Final Macro Processing ...

=========================================================================
Final Register Report

Macro Statistics
# Registers                                            : 57
 Flip-Flops                                            : 57

=========================================================================

=========================================================================
*                           Partition Report                            *
=========================================================================

Partition Implementation Status
-------------------------------

  No Partitions were found in this design.

-------------------------------

=========================================================================
*                            Design Summary                             *
=========================================================================

Top Level Output File Name         : Top.ngc

Primitive and Black Box Usage:
------------------------------
# BELS                             : 329
#      GND                         : 1
#      INV                         : 3
#      LUT1                        : 1
#      LUT2                        : 67
#      LUT3                        : 8
#      LUT4                        : 42
#      LUT5                        : 10
#      LUT6                        : 58
#      MUXCY                       : 70
#      MUXF7                       : 1
#      VCC                         : 1
#      XORCY                       : 67
# FlipFlops/Latches                : 57
#      FDC                         : 3
#      FDCE                        : 36
#      FDP                         : 1
#      FDR                         : 17
# Clock Buffers                    : 1
#      BUFGP                       : 1
# IO Buffers                       : 35
#      IBUF                        : 18
#      OBUF                        : 17

Device utilization summary:
---------------------------

Selected Device : 6vlx240tff1156-1 


Slice Logic Utilization: 
 Number of Slice Registers:              40  out of  301440     0%  
 Number of Slice LUTs:                  189  out of  150720     0%  
    Number used as Logic:               189  out of  150720     0%  

Slice Logic Distribution: 
 Number of LUT Flip Flop pairs used:    205
   Number with an unused Flip Flop:     165  out of    205    80%  
   Number with an unused LUT:            16  out of    205     7%  
   Number of fully used LUT-FF pairs:    24  out of    205    11%  
   Number of unique control sets:         4

IO Utilization: 
 Number of IOs:                          36
 Number of bonded IOBs:                  36  out of    600     6%  
    IOB Flip Flops/Latches:              17

Specific Feature Utilization:
 Number of BUFG/BUFGCTRLs:                1  out of     32     3%  

---------------------------
Partition Resource Summary:
---------------------------

  No Partitions were found in this design.

---------------------------


=========================================================================
Timing Report

NOTE: THESE TIMING NUMBERS ARE ONLY A SYNTHESIS ESTIMATE.
      FOR ACCURATE TIMING INFORMATION PLEASE REFER TO THE TRACE REPORT
      GENERATED AFTER PLACE-and-ROUTE.

Clock Information:
------------------
-----------------------------------+------------------------+-------+
Clock Signal                       | Clock buffer(FF name)  | Load  |
-----------------------------------+------------------------+-------+
clk                                | BUFGP                  | 40    |
CNT/state_FSM_FFd1                 | NONE(DP/c1/out_16)     | 17    |
-----------------------------------+------------------------+-------+
INFO:Xst:2169 - HDL ADVISOR - Some clock signals were not automatically buffered by XST with BUFG/BUFR resources. Please use the buffer_type constraint in order to insert these buffers to the clock signals to help prevent skew problems.

Asynchronous Control Signals Information:
----------------------------------------
No asynchronous control signals found in this design

Timing Summary:
---------------
Speed Grade: -1

   Minimum period: 6.783ns (Maximum Frequency: 147.417MHz)
   Minimum input arrival time before clock: 0.990ns
   Maximum output required time after clock: 0.777ns
   Maximum combinational path delay: No path found

Timing Details:
---------------
All values displayed in nanoseconds (ns)

=========================================================================
Timing constraint: Default period analysis for Clock 'clk'
  Clock period: 6.783ns (frequency: 147.417MHz)
  Total number of paths / destination ports: 2594982 / 59
-------------------------------------------------------------------------
Delay:               6.783ns (Levels of Logic = 18)
  Source:            DP/vectorInput/out_1 (FF)
  Destination:       DP/N_bit/out_16 (FF)
  Source Clock:      clk rising
  Destination Clock: clk rising

  Data Path: DP/vectorInput/out_1 to DP/N_bit/out_16
                                Gate     Net
    Cell:in->out      fanout   Delay   Delay  Logical Name (Net Name)
    ----------------------------------------  ------------
     FDCE:C->Q            18   0.375   0.603  DP/vectorInput/out_1 (DP/vectorInput/out_1)
     LUT2:I0->O            1   0.068   0.491  DP/multi8_8/m10/and_11 (DP/multi8_8/m10/and_1)
     LUT6:I4->O            3   0.068   0.595  DP/multi8_8/Madd_A2_lut<1>1 (DP/multi8_8/Madd_A2_lut<1>)
     LUT6:I3->O            2   0.068   0.497  DP/multi8_8/Madd_A2_xor<3>11 (DP/multi8_8/A2<3>)
     LUT2:I0->O            1   0.068   0.417  DP/multi8_8/ADDERTREE_INTERNAL_Madd55 (DP/multi8_8/ADDERTREE_INTERNAL_Madd55)
     LUT2:I1->O            1   0.068   0.000  DP/multi8_8/ADDERTREE_INTERNAL_Madd5_lut<0>6 (DP/multi8_8/ADDERTREE_INTERNAL_Madd5_lut<0>6)
     MUXCY:S->O            1   0.290   0.000  DP/multi8_8/ADDERTREE_INTERNAL_Madd5_cy<0>_5 (DP/multi8_8/ADDERTREE_INTERNAL_Madd5_cy<0>6)
     MUXCY:CI->O           1   0.020   0.000  DP/multi8_8/ADDERTREE_INTERNAL_Madd5_cy<0>_6 (DP/multi8_8/ADDERTREE_INTERNAL_Madd5_cy<0>7)
     MUXCY:CI->O           1   0.020   0.000  DP/multi8_8/ADDERTREE_INTERNAL_Madd5_cy<0>_7 (DP/multi8_8/ADDERTREE_INTERNAL_Madd5_cy<0>8)
     MUXCY:CI->O           1   0.020   0.000  DP/multi8_8/ADDERTREE_INTERNAL_Madd5_cy<0>_8 (DP/multi8_8/ADDERTREE_INTERNAL_Madd5_cy<0>9)
     MUXCY:CI->O           0   0.020   0.000  DP/multi8_8/ADDERTREE_INTERNAL_Madd5_cy<0>_9 (DP/multi8_8/ADDERTREE_INTERNAL_Madd5_cy<0>10)
     XORCY:CI->O           1   0.239   0.417  DP/multi8_8/ADDERTREE_INTERNAL_Madd5_xor<0>_10 (DP/multi8_8/ADDERTREE_INTERNAL_Madd_113)
     LUT2:I1->O            1   0.068   0.000  DP/multi8_8/ADDERTREE_INTERNAL_Madd8_lut<11> (DP/multi8_8/ADDERTREE_INTERNAL_Madd8_lut<11>)
     MUXCY:S->O            1   0.290   0.000  DP/multi8_8/ADDERTREE_INTERNAL_Madd8_cy<11> (DP/multi8_8/ADDERTREE_INTERNAL_Madd8_cy<11>)
     XORCY:CI->O           5   0.239   0.665  DP/multi8_8/ADDERTREE_INTERNAL_Madd8_xor<12> (DP/multiResult<12>)
     LUT4:I0->O            1   0.068   0.000  DP/add/Mcompar_B[15]_GND_6_o_LessThan_3_o_lut<6> (DP/add/Mcompar_B[15]_GND_6_o_LessThan_3_o_lut<6>)
     MUXCY:S->O            1   0.290   0.000  DP/add/Mcompar_B[15]_GND_6_o_LessThan_3_o_cy<6> (DP/add/Mcompar_B[15]_GND_6_o_LessThan_3_o_cy<6>)
     MUXCY:CI->O          17   0.220   0.523  DP/add/Mcompar_B[15]_GND_6_o_LessThan_3_o_cy<7> (DP/add/Mcompar_B[15]_GND_6_o_LessThan_3_o_cy<7>)
     LUT4:I3->O            1   0.068   0.000  DP/add/Mmux_out81 (DP/inReg<16>)
     FDCE:D                    0.011          DP/N_bit/out_16
    ----------------------------------------
    Total                      6.783ns (2.575ns logic, 4.208ns route)
                                       (38.0% logic, 62.0% route)

=========================================================================
Timing constraint: Default OFFSET IN BEFORE for Clock 'clk'
  Total number of paths / destination ports: 59 / 59
-------------------------------------------------------------------------
Offset:              0.990ns (Levels of Logic = 1)
  Source:            rst (PAD)
  Destination:       CNT/state_FSM_FFd4 (FF)
  Destination Clock: clk rising

  Data Path: rst to CNT/state_FSM_FFd4
                                Gate     Net
    Cell:in->out      fanout   Delay   Delay  Logical Name (Net Name)
    ----------------------------------------  ------------
     IBUF:I->O            40   0.003   0.553  rst_IBUF (rst_IBUF)
     FDP:PRE                   0.434          CNT/state_FSM_FFd4
    ----------------------------------------
    Total                      0.990ns (0.437ns logic, 0.553ns route)
                                       (44.1% logic, 55.9% route)

=========================================================================
Timing constraint: Default OFFSET OUT AFTER for Clock 'CNT/state_FSM_FFd1'
  Total number of paths / destination ports: 17 / 17
-------------------------------------------------------------------------
Offset:              0.777ns (Levels of Logic = 1)
  Source:            DP/c1/out_16 (FF)
  Destination:       Res_out<16> (PAD)
  Source Clock:      CNT/state_FSM_FFd1 rising

  Data Path: DP/c1/out_16 to Res_out<16>
                                Gate     Net
    Cell:in->out      fanout   Delay   Delay  Logical Name (Net Name)
    ----------------------------------------  ------------
     FDR:C->Q              1   0.375   0.399  DP/c1/out_16 (DP/c1/out_16)
     OBUF:I->O                 0.003          Res_out_16_OBUF (Res_out<16>)
    ----------------------------------------
    Total                      0.777ns (0.378ns logic, 0.399ns route)
                                       (48.6% logic, 51.4% route)

=========================================================================

Cross Clock Domains Report:
--------------------------

Clock to Setup on destination clock CNT/state_FSM_FFd1
---------------+---------+---------+---------+---------+
               | Src:Rise| Src:Fall| Src:Rise| Src:Fall|
Source Clock   |Dest:Rise|Dest:Rise|Dest:Fall|Dest:Fall|
---------------+---------+---------+---------+---------+
clk            |    3.803|         |         |         |
---------------+---------+---------+---------+---------+

Clock to Setup on destination clock clk
---------------+---------+---------+---------+---------+
               | Src:Rise| Src:Fall| Src:Rise| Src:Fall|
Source Clock   |Dest:Rise|Dest:Rise|Dest:Fall|Dest:Fall|
---------------+---------+---------+---------+---------+
clk            |    6.783|         |         |         |
---------------+---------+---------+---------+---------+

=========================================================================


Total REAL time to Xst completion: 6.00 secs
Total CPU time to Xst completion: 6.63 secs
 
--> 

Total memory usage is 4494944 kilobytes

Number of errors   :    0 (   0 filtered)
Number of warnings :    0 (   0 filtered)
Number of infos    :    2 (   0 filtered)

