ISim log file
Running: C:\Users\ASUS\Desktop\trunk\prj\ise\Xilinx_Multiplier\testbench_isim_beh.exe -intstyle ise -gui -tclbatch isim.cmd -wdb C:/Users/ASUS/Desktop/trunk/prj/ise/Xilinx_Multiplier/testbench_isim_beh.wdb 
ISim P.20131013 (signature 0x7708f090)
INFO: There is another simulation running in the same directory. Using database file name isim1.wdb.
ISim P.20131013 (signature 0x7708f090)
This is a Full version of ISim.
Time resolution is 1 ps
Time resolution is 1 ps
# onerror resume
# wave add /
# onerror resume
# wave add /
# run 1000 ns
# run 1000 ns
Simulator is doing circuit initialization process.
Simulator is doing circuit initialization process.
Finished circuit initialization process.
Finished circuit initialization process.
Stopped at time : 650 ns :  in File "C:/Users/ASUS/Desktop/CAD/Xilinx_Multiplier/testbench.v" Line 68 
Stopped at time : 650 ns :  in File "C:/Users/ASUS/Desktop/CAD/Xilinx_Multiplier/testbench.v" Line 68 
